<?xml version="1.0" encoding="UTF-8"?>
<!-- Generated by org.testng.reporters.JUnitXMLReporter -->
<testsuite ignored="0" hostname="htsr-spare-7480-WVF2" failures="0" tests="6" name="Surefire test" time="0.068" errors="0" timestamp="2023-06-22T16:56:10 MST">
  <testcase classname="qaclickacademy.AppiumTest" name="IOSApps" time="0.005"/>
  <testcase classname="qaclickacademy.AppiumTest" name="NativeApppAndroid" time="0.001"/>
  <testcase classname="qaclickacademy.RestAPITest" name="deleteTwitter" time="0.001"/>
  <testcase classname="qaclickacademy.RestAPITest" name="postJira" time="0.002"/>
  <testcase classname="qaclickacademy.SeleniumTest" name="BrowserAutomation" time="0.001"/>
  <testcase classname="qaclickacademy.SeleniumTest" name="elementsUi" time="0.002"/>
</testsuite> <!-- Surefire test -->
