<?xml version="1.0" encoding="UTF-8"?>
<!-- Generated by org.testng.reporters.JUnitXMLReporter -->
<testsuite ignored="0" hostname="htsr-spare-7480-WVF2" failures="0" tests="6" name="Test" time="0.077" errors="0" timestamp="2023-06-22T17:11:02 MST">
  <testcase classname="qaclickacademy.AppiumTest" name="IOSApps" time="0.007"/>
  <testcase classname="qaclickacademy.AppiumTest" name="NativeApppAndroid" time="0.002"/>
  <testcase classname="qaclickacademy.SeleniumTest" name="BrowserAutomation" time="0.003"/>
  <testcase classname="qaclickacademy.SeleniumTest" name="elementsUi" time="0.001"/>
  <testcase classname="qaclickacademy.RestAPITest" name="deleteTwitter" time="0.001"/>
  <testcase classname="qaclickacademy.RestAPITest" name="postJira" time="0.001"/>
</testsuite> <!-- Test -->
