<?xml version="1.0" encoding="UTF-8"?>
<testng-results ignored="0" total="6" passed="6" failed="0" skipped="0">
  <reporter-output>
  </reporter-output>
  <suite started-at="2023-06-22T17:11:02 MST" name="Suite" finished-at="2023-06-22T17:11:02 MST" duration-ms="77">
    <groups>
    </groups>
    <test started-at="2023-06-22T17:11:02 MST" name="Test" finished-at="2023-06-22T17:11:02 MST" duration-ms="77">
      <class name="qaclickacademy.AppiumTest">
        <test-method signature="IOSApps()[pri:0, instance:qaclickacademy.AppiumTest@35ef1869]" started-at="2023-06-22T17:11:02 MST" name="IOSApps" finished-at="2023-06-22T17:11:02 MST" duration-ms="7" status="PASS">
          <reporter-output>
          </reporter-output>
        </test-method> <!-- IOSApps -->
        <test-method signature="NativeApppAndroid()[pri:0, instance:qaclickacademy.AppiumTest@35ef1869]" started-at="2023-06-22T17:11:02 MST" name="NativeApppAndroid" finished-at="2023-06-22T17:11:02 MST" duration-ms="2" status="PASS">
          <reporter-output>
          </reporter-output>
        </test-method> <!-- NativeApppAndroid -->
      </class> <!-- qaclickacademy.AppiumTest -->
      <class name="qaclickacademy.RestAPITest">
        <test-method signature="deleteTwitter()[pri:0, instance:qaclickacademy.RestAPITest@50eac852]" started-at="2023-06-22T17:11:02 MST" name="deleteTwitter" finished-at="2023-06-22T17:11:02 MST" duration-ms="1" status="PASS">
          <reporter-output>
          </reporter-output>
        </test-method> <!-- deleteTwitter -->
        <test-method signature="postJira()[pri:0, instance:qaclickacademy.RestAPITest@50eac852]" started-at="2023-06-22T17:11:02 MST" name="postJira" finished-at="2023-06-22T17:11:02 MST" duration-ms="1" status="PASS">
          <reporter-output>
          </reporter-output>
        </test-method> <!-- postJira -->
      </class> <!-- qaclickacademy.RestAPITest -->
      <class name="qaclickacademy.SeleniumTest">
        <test-method signature="BrowserAutomation()[pri:0, instance:qaclickacademy.SeleniumTest@61df66b6]" started-at="2023-06-22T17:11:02 MST" name="BrowserAutomation" finished-at="2023-06-22T17:11:02 MST" duration-ms="3" status="PASS">
          <reporter-output>
          </reporter-output>
        </test-method> <!-- BrowserAutomation -->
        <test-method signature="elementsUi()[pri:0, instance:qaclickacademy.SeleniumTest@61df66b6]" started-at="2023-06-22T17:11:02 MST" name="elementsUi" finished-at="2023-06-22T17:11:02 MST" duration-ms="1" status="PASS">
          <reporter-output>
          </reporter-output>
        </test-method> <!-- elementsUi -->
      </class> <!-- qaclickacademy.SeleniumTest -->
    </test> <!-- Test -->
  </suite> <!-- Suite -->
</testng-results>
