<?xml version="1.0" encoding="UTF-8"?>
<testng-results ignored="0" total="2" passed="2" failed="0" skipped="0">
  <reporter-output>
  </reporter-output>
  <suite started-at="2023-06-22T16:52:53 MST" name="Default suite" finished-at="2023-06-22T16:52:53 MST" duration-ms="85">
    <groups>
    </groups>
    <test started-at="2023-06-22T16:52:53 MST" name="Default test" finished-at="2023-06-22T16:52:53 MST" duration-ms="85">
      <class name="qaclickacademy.SeleniumTest">
        <test-method signature="BrowserAutomation()[pri:0, instance:qaclickacademy.SeleniumTest@71238fc2]" started-at="2023-06-22T16:52:53 MST" name="BrowserAutomation" finished-at="2023-06-22T16:52:53 MST" duration-ms="16" status="PASS">
          <reporter-output>
          </reporter-output>
        </test-method> <!-- BrowserAutomation -->
        <test-method signature="elementsUi()[pri:0, instance:qaclickacademy.SeleniumTest@71238fc2]" started-at="2023-06-22T16:52:53 MST" name="elementsUi" finished-at="2023-06-22T16:52:53 MST" duration-ms="2" status="PASS">
          <reporter-output>
          </reporter-output>
        </test-method> <!-- elementsUi -->
      </class> <!-- qaclickacademy.SeleniumTest -->
    </test> <!-- Default test -->
  </suite> <!-- Default suite -->
</testng-results>
